<?xml version="1.0" encoding="UTF-8" ?>
<testsuite tests="6" failures="0" name="com.coinbase.exchange.api.accounts.AccountsTest" time="0.829" errors="0" skipped="1">
  <properties>
[...]
</properties>
  <testcase classname="com.coinbase.exchange.api.accounts.AccountsTest" name="canGetPagedHolds" time="0.047">
    <skipped/>
    <system-out>2017-09-30 22:13:59.114  INFO 2756 --- [           main] .b.t.c.SpringBootTestContextBootstrapper : Neither @ContextConfiguration nor @ContextHierarchy found for test class [com.coinbase.exchange.api.accounts.AccountsTest], using SpringBootContextLoader
2017-09-30 22:13:59.129  INFO 2756 --- [           main] o.s.t.c.support.AbstractContextLoader    : Could not detect default resource locations for test class [com.coinbase.exchange.api.accounts.AccountsTest]: no resource found for suffixes {-context.xml, Context.groovy}.
2017-09-30 22:13:59.145  INFO 2756 --- [           main] .b.t.c.SpringBootTestContextBootstrapper : Loaded default TestExecutionListener class names from location [META-INF/spring.factories]: [org.springframework.test.context.web.ServletTestExecutionListener, org.springframework.test.context.support.DirtiesContextBeforeModesTestExecutionListener, org.springframework.test.context.support.DependencyInjectionTestExecutionListener, org.springframework.test.context.support.DirtiesContextTestExecutionListener, org.springframework.test.context.transaction.TransactionalTestExecutionListener, org.springframework.test.context.jdbc.SqlScriptsTestExecutionListener, org.springframework.boot.test.mock.mockito.MockitoTestExecutionListener, org.springframework.boot.test.mock.mockito.ResetMocksTestExecutionListener, org.springframework.boot.test.autoconfigure.restdocs.RestDocsTestExecutionListener, org.springframework.boot.test.autoconfigure.web.client.MockRestServiceServerResetTestExecutionListener, org.springframework.boot.test.autoconfigure.web.servlet.MockMvcPrintOnlyOnFailureTestExecutionListener, org.springframework.boot.test.autoconfigure.web.servlet.WebDriverTestExecutionListener]
2017-09-30 22:13:59.145  INFO 2756 --- [           main] .b.t.c.SpringBootTestContextBootstrapper : Could not instantiate TestExecutionListener [org.springframework.test.context.jdbc.SqlScriptsTestExecutionListener]. Specify custom listener classes or make the default listener classes (and their required dependencies) available. Offending class: [org/springframework/transaction/interceptor/TransactionAttribute]
2017-09-30 22:13:59.145  INFO 2756 --- [           main] .b.t.c.SpringBootTestContextBootstrapper : Could not instantiate TestExecutionListener [org.springframework.test.context.transaction.TransactionalTestExecutionListener]. Specify custom listener classes or make the default listener classes (and their required dependencies) available. Offending class: [org/springframework/transaction/interceptor/TransactionAttributeSource]
2017-09-30 22:13:59.160  INFO 2756 --- [           main] .b.t.c.SpringBootTestContextBootstrapper : Using TestExecutionListeners: [org.springframework.test.context.web.ServletTestExecutionListener@65a48602, org.springframework.test.context.support.DirtiesContextBeforeModesTestExecutionListener@75483843, org.springframework.boot.test.autoconfigure.SpringBootDependencyInjectionTestExecutionListener@336206d8, org.springframework.test.context.support.DirtiesContextTestExecutionListener@5ec4ff02, org.springframework.boot.test.autoconfigure.web.servlet.WebDriverTestExecutionListener@1f11f64e, org.springframework.boot.test.mock.mockito.MockitoTestExecutionListener@2b2f5fcf, org.springframework.boot.test.autoconfigure.restdocs.RestDocsTestExecutionListener@858d8b4, org.springframework.boot.test.mock.mockito.ResetMocksTestExecutionListener@711d1a52, org.springframework.boot.test.autoconfigure.web.client.MockRestServiceServerResetTestExecutionListener@612e21b9, org.springframework.boot.test.autoconfigure.web.servlet.MockMvcPrintOnlyOnFailureTestExecutionListener@302edb74]
</system-out>
  </testcase>
  <testcase classname="com.coinbase.exchange.api.accounts.AccountsTest" name="canGetAccountHolds" time="0.203"/>
  <testcase classname="com.coinbase.exchange.api.accounts.AccountsTest" name="getAccount" time="0.157"/>
  <testcase classname="com.coinbase.exchange.api.accounts.AccountsTest" name="canGetPagedAccountHistory" time="0.187"/>
  <testcase classname="com.coinbase.exchange.api.accounts.AccountsTest" name="canGetAccountHistory" time="0.156"/>
  <testcase classname="com.coinbase.exchange.api.accounts.AccountsTest" name="canGetAccounts" time="0.079"/>
</testsuite>