# JRE version: Java(TM) SE Runtime Environment (8.0_60-b27) (build 1.8.0_60-b27)
# Java VM: Java HotSpot(TM) 64-Bit Server VM (25.60-b23 mixed mode windows-amd64 compressed oops)
Heap:
 PSYoungGen      total 76288K, used 8909K [0x000000076af00000, 0x0000000770400000, 0x00000007c0000000)
  eden space 65536K, 13% used [0x000000076af00000,0x000000076b7b3548,0x000000076ef00000)
  from space 10752K, 0% used [0x000000076f980000,0x000000076f980000,0x0000000770400000)
  to   space 10752K, 0% used [0x000000076ef00000,0x000000076ef00000,0x000000076f980000)
 ParOldGen       total 70656K, used 4729K [0x00000006c0c00000, 0x00000006c5100000, 0x000000076af00000)
  object space 70656K, 6% used [0x00000006c0c00000,0x00000006c109e7f8,0x00000006c5100000)
 Metaspace       used 21043K, capacity 21344K, committed 21552K, reserved 1069056K
  class space    used 2561K, capacity 2645K, committed 2688K, reserved 1048576K
GC Heap History (6 events):
Event: 7.335 GC heap before
{Heap before GC invocations=1 (full 0):
 PSYoungGen      total 76288K, used 65536K [0x000000076af00000, 0x0000000770400000, 0x00000007c0000000)
  eden space 65536K, 100% used [0x000000076af00000,0x000000076ef00000,0x000000076ef00000)
  from space 10752K, 0% used [0x000000076f980000,0x000000076f980000,0x0000000770400000)
  to   space 10752K, 0% used [0x000000076ef00000,0x000000076ef00000,0x000000076f980000)
 ParOldGen       total 175104K, used 0K [0x00000006c0c00000, 0x00000006cb700000, 0x000000076af00000)
  object space 175104K, 0% used [0x00000006c0c00000,0x00000006c0c00000,0x00000006cb700000)
 Metaspace       used 19806K, capacity 20042K, committed 20224K, reserved 1067008K
  class space    used 2452K, capacity 2514K, committed 2560K, reserved 1048576K
Event: 7.347 GC heap after
Heap after GC invocations=1 (full 0):
 PSYoungGen      total 76288K, used 10499K [0x000000076af00000, 0x0000000770400000, 0x00000007c0000000)
  eden space 65536K, 0% used [0x000000076af00000,0x000000076af00000,0x000000076ef00000)
  from space 10752K, 97% used [0x000000076ef00000,0x000000076f940f20,0x000000076f980000)
  to   space 10752K, 0% used [0x000000076f980000,0x000000076f980000,0x0000000770400000)
 ParOldGen       total 175104K, used 88K [0x00000006c0c00000, 0x00000006cb700000, 0x000000076af00000)
  object space 175104K, 0% used [0x00000006c0c00000,0x00000006c0c16010,0x00000006cb700000)
 Metaspace       used 19806K, capacity 20042K, committed 20224K, reserved 1067008K
  class space    used 2452K, capacity 2514K, committed 2560K, reserved 1048576K
}
Event: 262.080 GC heap before
{Heap before GC invocations=2 (full 0):
 PSYoungGen      total 76288K, used 23820K [0x000000076af00000, 0x0000000770400000, 0x00000007c0000000)
  eden space 65536K, 20% used [0x000000076af00000,0x000000076bc02320,0x000000076ef00000)
  from space 10752K, 97% used [0x000000076ef00000,0x000000076f940f20,0x000000076f980000)
  to   space 10752K, 0% used [0x000000076f980000,0x000000076f980000,0x0000000770400000)
 ParOldGen       total 175104K, used 88K [0x00000006c0c00000, 0x00000006cb700000, 0x000000076af00000)
  object space 175104K, 0% used [0x00000006c0c00000,0x00000006c0c16010,0x00000006cb700000)
 Metaspace       used 20860K, capacity 21152K, committed 21296K, reserved 1069056K
  class space    used 2560K, capacity 2645K, committed 2688K, reserved 1048576K
Event: 262.086 GC heap after
Heap after GC invocations=2 (full 0):
 PSYoungGen      total 76288K, used 4767K [0x000000076af00000, 0x0000000770400000, 0x00000007c0000000)
  eden space 65536K, 0% used [0x000000076af00000,0x000000076af00000,0x000000076ef00000)
  from space 10752K, 44% used [0x000000076f980000,0x000000076fe27fd8,0x0000000770400000)
  to   space 10752K, 0% used [0x000000076ef00000,0x000000076ef00000,0x000000076f980000)
 ParOldGen       total 175104K, used 96K [0x00000006c0c00000, 0x00000006cb700000, 0x000000076af00000)
  object space 175104K, 0% used [0x00000006c0c00000,0x00000006c0c18010,0x00000006cb700000)
 Metaspace       used 20860K, capacity 21152K, committed 21296K, reserved 1069056K
  class space    used 2560K, capacity 2645K, committed 2688K, reserved 1048576K
}
Event: 262.086 GC heap before
{Heap before GC invocations=3 (full 1):
 PSYoungGen      total 76288K, used 4767K [0x000000076af00000, 0x0000000770400000, 0x00000007c0000000)
  eden space 65536K, 0% used [0x000000076af00000,0x000000076af00000,0x000000076ef00000)
  from space 10752K, 44% used [0x000000076f980000,0x000000076fe27fd8,0x0000000770400000)
  to   space 10752K, 0% used [0x000000076ef00000,0x000000076ef00000,0x000000076f980000)
 ParOldGen       total 175104K, used 96K [0x00000006c0c00000, 0x00000006cb700000, 0x000000076af00000)
  object space 175104K, 0% used [0x00000006c0c00000,0x00000006c0c18010,0x00000006cb700000)
 Metaspace       used 20860K, capacity 21152K, committed 21296K, reserved 1069056K
  class space    used 2560K, capacity 2645K, committed 2688K, reserved 1048576K
Event: 262.122 GC heap after
Heap after GC invocations=3 (full 1):
 PSYoungGen      total 76288K, used 0K [0x000000076af00000, 0x0000000770400000, 0x00000007c0000000)
  eden space 65536K, 0% used [0x000000076af00000,0x000000076af00000,0x000000076ef00000)
  from space 10752K, 0% used [0x000000076f980000,0x000000076f980000,0x0000000770400000)
  to   space 10752K, 0% used [0x000000076ef00000,0x000000076ef00000,0x000000076f980000)
 ParOldGen       total 70656K, used 4729K [0x00000006c0c00000, 0x00000006c5100000, 0x000000076af00000)
  object space 70656K, 6% used [0x00000006c0c00000,0x00000006c109e7f8,0x00000006c5100000)
 Metaspace       used 20860K, capacity 21152K, committed 21296K, reserved 1069056K
  class space    used 2560K, capacity 2645K, committed 2688K, reserved 1048576K
}

